<?xml version="1.0" encoding="UTF-8"?>
<!-- Generated by org.testng.reporters.JUnitReportReporter -->
<testsuite skipped="0" hostname="DESKTOP-27L8JE7" name="com.project.SuiteA.LoginTest" tests="2" failures="0" timestamp="28 May 2020 03:20:51 GMT" time="0.023" errors="0">
  <testcase name="loginTest" time="0.004" classname="com.project.SuiteA.LoginTest"/>
  <testcase name="loginTest" time="0.019" classname="com.project.SuiteA.LoginTest"/>
</testsuite> <!-- com.project.SuiteA.LoginTest -->
