<?xml version="1.0" encoding="UTF-8"?>
<!-- Generated by org.testng.reporters.JUnitReportReporter -->
<testsuite skipped="0" hostname="DESKTOP-27L8JE7" name="com.project.SuiteA.TC_001" tests="1" failures="0" timestamp="26 May 2020 03:34:04 GMT" time="0.010" errors="0">
  <testcase name="test" time="0.010" classname="com.project.SuiteA.TC_001"/>
</testsuite> <!-- com.project.SuiteA.TC_001 -->
