<?xml version="1.0" encoding="UTF-8"?>
<!-- Generated by org.testng.reporters.JUnitReportReporter -->
<testsuite skipped="0" hostname="DESKTOP-27L8JE7" name="com.project.SuiteA.TestA" tests="1" failures="0" timestamp="28 May 2020 02:46:24 GMT" time="0.016" errors="0">
  <testcase name="z" time="0.016" classname="com.project.SuiteA.TestA"/>
</testsuite> <!-- com.project.SuiteA.TestA -->
