<?xml version="1.0" encoding="UTF-8"?>
<!-- Generated by org.testng.reporters.JUnitReportReporter -->
<testsuite skipped="0" hostname="DESKTOP-27L8JE7" name="pageobjectmodel.LoginTest" tests="1" failures="0" timestamp="23 Apr 2020 03:28:24 GMT" time="23.486" errors="0">
  <testcase name="f" time="23.486" classname="pageobjectmodel.LoginTest"/>
</testsuite> <!-- pageobjectmodel.LoginTest -->
