<?xml version="1.0" encoding="UTF-8"?>
<!-- Generated by org.testng.reporters.JUnitReportReporter -->
<testsuite skipped="0" hostname="DESKTOP-27L8JE7" name="com.project.Ecommerce.TC_002" tests="1" failures="0" timestamp="10 Apr 2020 03:08:11 GMT" time="20.190" errors="0">
  <testcase name="amazon" time="20.190" classname="com.project.Ecommerce.TC_002"/>
</testsuite> <!-- com.project.Ecommerce.TC_002 -->
